.\Debug\MySuperServer.pdb
C:\Users\xhy\Desktop\MySuperServer\.\Debug\MySuperServer.exe.intermediate.manifest
C:\Users\xhy\Desktop\MySuperServer\Debug\cl.command.1.tlog
C:\Users\xhy\Desktop\MySuperServer\Debug\CL.read.1.tlog
C:\Users\xhy\Desktop\MySuperServer\Debug\CL.write.1.tlog
C:\USERS\XHY\DESKTOP\MYSUPERSERVER\DEBUG\HTTPPROTOCOL.OBJ
C:\USERS\XHY\DESKTOP\MYSUPERSERVER\DEBUG\HTTPSERVER.OBJ
C:\Users\xhy\Desktop\MySuperServer\Debug\link.4608.read.1.tlog
C:\Users\xhy\Desktop\MySuperServer\Debug\link.4608.write.1.tlog
C:\Users\xhy\Desktop\MySuperServer\Debug\link.4608-cvtres.read.1.tlog
C:\Users\xhy\Desktop\MySuperServer\Debug\link.4608-cvtres.write.1.tlog
C:\Users\xhy\Desktop\MySuperServer\Debug\link.5388.read.1.tlog
C:\Users\xhy\Desktop\MySuperServer\Debug\link.5388.write.1.tlog
C:\Users\xhy\Desktop\MySuperServer\Debug\link.5388-cvtres.read.1.tlog
C:\Users\xhy\Desktop\MySuperServer\Debug\link.5388-cvtres.write.1.tlog
C:\Users\xhy\Desktop\MySuperServer\Debug\link.command.1.tlog
C:\Users\xhy\Desktop\MySuperServer\Debug\link.read.1.tlog
C:\Users\xhy\Desktop\MySuperServer\Debug\link.write.1.tlog
C:\Users\xhy\Desktop\MySuperServer\Debug\link-cvtres.read.1.tlog
C:\Users\xhy\Desktop\MySuperServer\Debug\link-cvtres.write.1.tlog
C:\Users\xhy\Desktop\MySuperServer\Debug\mt.command.1.tlog
C:\Users\xhy\Desktop\MySuperServer\Debug\mt.read.1.tlog
C:\Users\xhy\Desktop\MySuperServer\Debug\mt.write.1.tlog
C:\USERS\XHY\DESKTOP\MYSUPERSERVER\DEBUG\MYSUPERSERVER.EXE
C:\USERS\XHY\DESKTOP\MYSUPERSERVER\DEBUG\MYSUPERSERVER.EXE.EMBED.MANIFEST
C:\USERS\XHY\DESKTOP\MYSUPERSERVER\DEBUG\MYSUPERSERVER.EXE.EMBED.MANIFEST.RES
C:\USERS\XHY\DESKTOP\MYSUPERSERVER\DEBUG\MYSUPERSERVER.EXE.INTERMEDIATE.MANIFEST
C:\USERS\XHY\DESKTOP\MYSUPERSERVER\DEBUG\MYSUPERSERVER.ILK
C:\USERS\XHY\DESKTOP\MYSUPERSERVER\DEBUG\MYSUPERSERVER.OBJ
C:\USERS\XHY\DESKTOP\MYSUPERSERVER\DEBUG\MYSUPERSERVER.PCH
C:\USERS\XHY\DESKTOP\MYSUPERSERVER\DEBUG\MYSUPERSERVER.PDB
C:\USERS\XHY\DESKTOP\MYSUPERSERVER\DEBUG\MYSUPERSERVER.RES
C:\Users\xhy\Desktop\MySuperServer\Debug\MySuperServer_manifest.rc
C:\Users\xhy\Desktop\MySuperServer\Debug\rc.command.1.tlog
C:\Users\xhy\Desktop\MySuperServer\Debug\rc.read.1.tlog
C:\Users\xhy\Desktop\MySuperServer\Debug\rc.write.1.tlog
C:\USERS\XHY\DESKTOP\MYSUPERSERVER\DEBUG\STDAFX.OBJ
C:\Users\xhy\Desktop\MySuperServer\Debug\vc100.idb
C:\USERS\XHY\DESKTOP\MYSUPERSERVER\DEBUG\VC100.PDB
